<?xml version="1.0" encoding="UTF-8"?>
<!-- Generated by org.testng.reporters.JUnitXMLReporter -->
<testsuite ignored="0" hostname="MSI" failures="0" tests="4" name="Default test" time="2.343" errors="0" timestamp="2025-05-27T16:20:29 IST">
  <testcase classname="files.LibrabyAPI" name="addBook" time="1.892"/>
  <testcase classname="files.LibrabyAPI" name="addBook" time="0.162"/>
  <testcase classname="files.LibrabyAPI" name="deleteBook" time="0.14"/>
  <testcase classname="files.LibrabyAPI" name="deleteBook" time="0.109"/>
</testsuite> <!-- Default test -->
