<?xml version="1.0" encoding="UTF-8"?>
<testng-results ignored="0" total="1" passed="1" failed="0" skipped="0">
  <reporter-output>
  </reporter-output>
  <suite started-at="2025-05-31T18:11:31 IST" name="Default suite" finished-at="2025-05-31T18:11:33 IST" duration-ms="1937">
    <groups>
    </groups>
    <test started-at="2025-05-31T18:11:31 IST" name="Default test" finished-at="2025-05-31T18:11:33 IST" duration-ms="1937">
      <class name="serializationAddPlace_specBuilder.AddPlaceRequest_specBuilder">
        <test-method signature="addPlace_ConstructedPayload_specBuilder()[pri:0, instance:serializationAddPlace_specBuilder.AddPlaceRequest_specBuilder@6631f5ca]" started-at="2025-05-31T18:11:31 IST" name="addPlace_ConstructedPayload_specBuilder" finished-at="2025-05-31T18:11:33 IST" duration-ms="1902" status="PASS">
          <reporter-output>
          </reporter-output>
        </test-method> <!-- addPlace_ConstructedPayload_specBuilder -->
      </class> <!-- serializationAddPlace_specBuilder.AddPlaceRequest_specBuilder -->
    </test> <!-- Default test -->
  </suite> <!-- Default suite -->
</testng-results>
