<?xml version="1.0" encoding="UTF-8"?>
<testng-results ignored="0" total="4" passed="4" failed="0" skipped="0">
  <reporter-output>
  </reporter-output>
  <suite started-at="2025-05-27T16:20:27 IST" name="Default suite" finished-at="2025-05-27T16:20:29 IST" duration-ms="2343">
    <groups>
    </groups>
    <test started-at="2025-05-27T16:20:27 IST" name="Default test" finished-at="2025-05-27T16:20:29 IST" duration-ms="2343">
      <class name="files.LibrabyAPI">
        <test-method signature="addBook(java.lang.String,java.lang.String)[pri:0, instance:files.LibrabyAPI@22e357dc]" started-at="2025-05-27T16:20:27 IST" name="addBook" data-provider="getData" finished-at="2025-05-27T16:20:29 IST" duration-ms="1892" status="PASS">
          <params>
            <param index="0">
              <value>
                <![CDATA[test1]]>
              </value>
            </param>
            <param index="1">
              <value>
                <![CDATA[932]]>
              </value>
            </param>
          </params>
          <reporter-output>
          </reporter-output>
        </test-method> <!-- addBook -->
        <test-method signature="addBook(java.lang.String,java.lang.String)[pri:0, instance:files.LibrabyAPI@22e357dc]" started-at="2025-05-27T16:20:29 IST" name="addBook" data-provider="getData" finished-at="2025-05-27T16:20:29 IST" duration-ms="162" status="PASS">
          <params>
            <param index="0">
              <value>
                <![CDATA[test2]]>
              </value>
            </param>
            <param index="1">
              <value>
                <![CDATA[672]]>
              </value>
            </param>
          </params>
          <reporter-output>
          </reporter-output>
        </test-method> <!-- addBook -->
        <test-method signature="deleteBook(java.lang.String)[pri:0, instance:files.LibrabyAPI@22e357dc]" started-at="2025-05-27T16:20:29 IST" name="deleteBook" data-provider="getIds" finished-at="2025-05-27T16:20:29 IST" depends-on-methods="files.LibrabyAPI.addBook" duration-ms="140" status="PASS">
          <params>
            <param index="0">
              <value>
                <![CDATA[test1932]]>
              </value>
            </param>
          </params>
          <reporter-output>
          </reporter-output>
        </test-method> <!-- deleteBook -->
        <test-method signature="deleteBook(java.lang.String)[pri:0, instance:files.LibrabyAPI@22e357dc]" started-at="2025-05-27T16:20:29 IST" name="deleteBook" data-provider="getIds" finished-at="2025-05-27T16:20:29 IST" depends-on-methods="files.LibrabyAPI.addBook" duration-ms="109" status="PASS">
          <params>
            <param index="0">
              <value>
                <![CDATA[test2672]]>
              </value>
            </param>
          </params>
          <reporter-output>
          </reporter-output>
        </test-method> <!-- deleteBook -->
      </class> <!-- files.LibrabyAPI -->
    </test> <!-- Default test -->
  </suite> <!-- Default suite -->
</testng-results>
